[2018-12-13T16:51:03.859] [INFO] http - POST == /api/user/register
[2018-12-13T17:45:26.603] [INFO] http - GET == /api/user?emaiId=subash
[2018-12-13T17:45:30.852] [INFO] http - POST == /api/user?emaiId=subash
[2018-12-13T17:45:49.253] [INFO] http - POST == /api/user?emaiId=subashpenneru
[2018-12-13T18:00:14.329] [INFO] http - OPTIONS == /api/user/register
[2018-12-13T18:00:14.353] [INFO] http - POST == /api/user/register
[2018-12-13T18:01:31.324] [INFO] http - OPTIONS == /api/user?emailId=5c1250d6c9c0851ee1f00012
[2018-12-13T18:01:31.389] [INFO] http - POST == /api/user?emailId=5c1250d6c9c0851ee1f00012
[2018-12-13T18:03:15.587] [INFO] http - OPTIONS == /api/user/login
[2018-12-13T18:03:15.705] [INFO] http - POST == /api/user/login
[2018-12-13T18:04:16.165] [INFO] http - OPTIONS == /api/user/login
[2018-12-13T18:04:16.197] [INFO] http - POST == /api/user/login
[2018-12-13T18:04:33.072] [INFO] http - OPTIONS == /api/user?emailId=5c1250d6c9c0851ee1f00012
[2018-12-13T18:04:33.170] [INFO] http - POST == /api/user?emailId=5c1250d6c9c0851ee1f00012
[2018-12-13T18:05:35.176] [INFO] http - OPTIONS == /api/user?emailId=5c1250d6c9c0851ee1f00012
[2018-12-13T18:05:35.438] [INFO] http - POST == /api/user?emailId=5c1250d6c9c0851ee1f00012
[2018-12-13T18:05:59.814] [INFO] http - OPTIONS == /api/user?emailId=5c1250d6c9c0851ee1f00012
[2018-12-13T18:05:59.897] [INFO] http - POST == /api/user?emailId=5c1250d6c9c0851ee1f00012
[2018-12-13T18:06:07.028] [INFO] http - OPTIONS == /api/user?emailId=5c1250d6c9c0851ee1f00012
[2018-12-13T18:06:07.103] [INFO] http - POST == /api/user?emailId=5c1250d6c9c0851ee1f00012
[2018-12-13T18:06:51.042] [INFO] http - OPTIONS == /api/user/login
[2018-12-13T18:06:51.068] [INFO] http - POST == /api/user/login
[2018-12-13T18:07:28.502] [INFO] http - OPTIONS == /api/user/register
[2018-12-13T18:07:28.511] [INFO] http - POST == /api/user/register
[2018-12-13T18:07:50.877] [INFO] http - OPTIONS == /api/user/login
[2018-12-13T18:07:50.887] [INFO] http - POST == /api/user/login
[2018-12-13T18:08:35.637] [INFO] http - OPTIONS == /api/user?emailId=5c125288773554242e31994c
[2018-12-13T18:08:35.749] [INFO] http - POST == /api/user?emailId=5c125288773554242e31994c
[2018-12-13T18:08:39.261] [INFO] http - OPTIONS == /api/user/login
[2018-12-13T18:08:39.277] [INFO] http - POST == /api/user/login
[2018-12-13T18:08:51.356] [INFO] http - OPTIONS == /api/user/login
[2018-12-13T18:08:51.363] [INFO] http - POST == /api/user/login
[2018-12-13T18:10:40.632] [INFO] http - OPTIONS == /api/user/login
[2018-12-13T18:10:40.639] [INFO] http - POST == /api/user/login
[2018-12-13T18:10:54.516] [INFO] http - OPTIONS == /api/user?emailId=5c125288773554242e31994c
[2018-12-13T18:10:54.619] [INFO] http - POST == /api/user?emailId=5c125288773554242e31994c
[2018-12-13T18:11:00.420] [INFO] http - OPTIONS == /api/user/login
[2018-12-13T18:11:00.424] [INFO] http - POST == /api/user/login
[2018-12-13T18:11:09.976] [INFO] http - OPTIONS == /api/user/login
[2018-12-13T18:11:09.989] [INFO] http - POST == /api/user/login
[2018-12-13T18:11:23.266] [INFO] http - OPTIONS == /api/user/login
[2018-12-13T18:11:23.273] [INFO] http - POST == /api/user/login
[2018-12-13T18:12:13.001] [INFO] http - OPTIONS == /api/user/login
[2018-12-13T18:12:13.139] [INFO] http - POST == /api/user/login
[2018-12-13T18:12:19.993] [INFO] http - OPTIONS == /api/user/login
[2018-12-13T18:12:20.015] [INFO] http - POST == /api/user/login
[2018-12-13T18:17:32.290] [INFO] http - OPTIONS == /api/user/register
[2018-12-13T18:17:32.313] [INFO] http - POST == /api/user/register
[2018-12-13T18:18:03.325] [INFO] http - OPTIONS == /api/user?emailId=5c1254e452ff0d27eba837d3
[2018-12-13T18:18:03.428] [INFO] http - POST == /api/user?emailId=5c1254e452ff0d27eba837d3
[2018-12-13T18:18:15.534] [INFO] http - OPTIONS == /api/user/login
[2018-12-13T18:18:15.557] [INFO] http - POST == /api/user/login
[2018-12-13T18:19:58.198] [INFO] http - OPTIONS == /api/user/register
[2018-12-13T18:19:58.217] [INFO] http - POST == /api/user/register
[2018-12-13T18:20:21.589] [INFO] http - OPTIONS == /api/user?emailId=5c125576f6df1128c6965926
[2018-12-13T18:20:21.689] [INFO] http - POST == /api/user?emailId=5c125576f6df1128c6965926
[2018-12-13T18:20:51.218] [INFO] http - OPTIONS == /api/user?emailId=5c125576f6df1128c6965926
[2018-12-13T18:20:51.281] [INFO] http - POST == /api/user?emailId=5c125576f6df1128c6965926
[2018-12-13T18:23:30.371] [INFO] http - OPTIONS == /api/user/register
[2018-12-13T18:23:30.397] [INFO] http - POST == /api/user/register
[2018-12-13T18:23:43.432] [INFO] http - OPTIONS == /api/user?emailId=5c12564a07e36d29ca6468ce
[2018-12-13T18:23:43.563] [INFO] http - POST == /api/user?emailId=5c12564a07e36d29ca6468ce
[2018-12-13T18:25:27.331] [INFO] http - OPTIONS == /api/user/register
[2018-12-13T18:25:27.348] [INFO] http - POST == /api/user/register
[2018-12-13T18:25:40.016] [INFO] http - OPTIONS == /api/user?emailId=5c1256bf5b4f1c2acbe4e010
[2018-12-13T18:25:40.184] [INFO] http - POST == /api/user?emailId=5c1256bf5b4f1c2acbe4e010
[2018-12-13T18:25:50.483] [INFO] http - OPTIONS == /api/user/login
[2018-12-13T18:25:50.493] [INFO] http - POST == /api/user/login
